[0m[[0m[0mdebug[0m] [0m[0m> Exec(submit agolovin01@gmail.com rsldLgj2tkLyf4Mb, Some(fa1a8951-bb5c-4a39-a8f3-42a02f3e70d4), Some(CommandSource(console0)))[0m
[0m[[0m[0mdebug[0m] [0m[0mEvaluating tasks: submit[0m
[0m[[0m[0mdebug[0m] [0m[0mRunning task... Cancel: Signal, check cycles: false, forcegc: true[0m
[0m[[0m[0minfo[0m] [0m[0mcompiling 1 Scala source to C:\Users\User\IdeaProjects\recfun\target\scala-3.0.0\classes ...[0m
[0m[[0m[0minfo[0m] [0m[0mAttempting to submit "recfun" assignment in "scala-functional-programming" course[0m
[0m[[0m[0minfo[0m] [0m[0mUsing:[0m
[0m[[0m[0minfo[0m] [0m[0m- email: agolovin01@gmail.com[0m
[0m[[0m[0minfo[0m] [0m[0m- submit token: rsldLgj2tkLyf4Mb[0m
[0m[[0m[0minfo[0m] [0m[0mConnecting to Coursera...[0m
[0m[[0m[0minfo[0m] [0m[0mSuccessfully connected to Coursera. (Status 201)[0m
[0m[[0m[0minfo[0m] [0m[0m[0m
[0m[[0m[0minfo[0m] [0m[0mAssignment submitted successfully![0m
[0m[[0m[0minfo[0m] [0m[0m[0m
[0m[[0m[0minfo[0m] [0m[0mYou can see how you scored by going to:[0m
[0m[[0m[0minfo[0m] [0m[0mhttps://www.coursera.org/learn/scala-functional-programming/programming/5y1CP/[0m
[0m[[0m[0minfo[0m] [0m[0mor (for premium learners):[0m
[0m[[0m[0minfo[0m] [0m[0mhttps://www.coursera.org/learn/scala-functional-programming/programming/DV6Vv[0m
[0m[[0m[0minfo[0m] [0m[0m                       [0m
[0m[[0m[0minfo[0m] [0m[0mand clicking on "My Submission".[0m
[0m[[0m[32msuccess[0m] [0m[0mTotal time: 1 s, completed 20 дек. 2021 г., 5:41:49[0m
[0m[[0m[0mdebug[0m] [0m[0m> Exec(shell, None, None)[0m
